<?xml version="1.0" encoding="UTF-8"?>
<testsuite xmlns:xsi="http://www.w3.org/2001/XMLSchema-instance" xsi:noNamespaceSchemaLocation="https://maven.apache.org/surefire/maven-surefire-plugin/xsd/surefire-test-report.xsd" name="com.my.frametest.BrowserTest" time="7.519" tests="1" errors="0" skipped="0" failures="0">
  <properties>
    <property name="gopherProxySet" value="false"/>
    <property name="awt.toolkit" value="sun.lwawt.macosx.LWCToolkit"/>
    <property name="file.encoding.pkg" value="sun.io"/>
    <property name="java.specification.version" value="1.8"/>
    <property name="sun.cpu.isalist" value=""/>
    <property name="sun.jnu.encoding" value="UTF-8"/>
    <property name="java.class.path" value="/Users/helishou/springWorkStation/junit5-demo/target/test-classes:/Users/helishou/springWorkStation/junit5-demo/target/classes:/Users/helishou/MyRepository/org/junit/jupiter/junit-jupiter-engine/5.5.2/junit-jupiter-engine-5.5.2.jar:/Users/helishou/MyRepository/org/apiguardian/apiguardian-api/1.1.0/apiguardian-api-1.1.0.jar:/Users/helishou/MyRepository/org/junit/platform/junit-platform-engine/1.5.2/junit-platform-engine-1.5.2.jar:/Users/helishou/MyRepository/org/junit/platform/junit-platform-runner/1.5.2/junit-platform-runner-1.5.2.jar:/Users/helishou/MyRepository/junit/junit/4.12/junit-4.12.jar:/Users/helishou/MyRepository/org/hamcrest/hamcrest-core/1.3/hamcrest-core-1.3.jar:/Users/helishou/MyRepository/org/junit/platform/junit-platform-suite-api/1.5.2/junit-platform-suite-api-1.5.2.jar:/Users/helishou/MyRepository/org/junit/platform/junit-platform-launcher/1.5.2/junit-platform-launcher-1.5.2.jar:/Users/helishou/MyRepository/org/junit/jupiter/junit-jupiter-params/5.5.2/junit-jupiter-params-5.5.2.jar:/Users/helishou/MyRepository/org/junit/jupiter/junit-jupiter-api/5.5.2/junit-jupiter-api-5.5.2.jar:/Users/helishou/MyRepository/org/opentest4j/opentest4j/1.2.0/opentest4j-1.2.0.jar:/Users/helishou/MyRepository/org/junit/platform/junit-platform-commons/1.5.2/junit-platform-commons-1.5.2.jar:/Users/helishou/MyRepository/org/seleniumhq/selenium/selenium-java/3.14.0/selenium-java-3.14.0.jar:/Users/helishou/MyRepository/org/seleniumhq/selenium/selenium-api/3.14.0/selenium-api-3.14.0.jar:/Users/helishou/MyRepository/org/seleniumhq/selenium/selenium-edge-driver/3.14.0/selenium-edge-driver-3.14.0.jar:/Users/helishou/MyRepository/org/seleniumhq/selenium/selenium-firefox-driver/3.14.0/selenium-firefox-driver-3.14.0.jar:/Users/helishou/MyRepository/org/seleniumhq/selenium/selenium-ie-driver/3.14.0/selenium-ie-driver-3.14.0.jar:/Users/helishou/MyRepository/org/seleniumhq/selenium/selenium-opera-driver/3.14.0/selenium-opera-driver-3.14.0.jar:/Users/helishou/MyRepository/org/seleniumhq/selenium/selenium-remote-driver/3.14.0/selenium-remote-driver-3.14.0.jar:/Users/helishou/MyRepository/org/seleniumhq/selenium/selenium-safari-driver/3.14.0/selenium-safari-driver-3.14.0.jar:/Users/helishou/MyRepository/org/seleniumhq/selenium/selenium-support/3.14.0/selenium-support-3.14.0.jar:/Users/helishou/MyRepository/net/bytebuddy/byte-buddy/1.8.15/byte-buddy-1.8.15.jar:/Users/helishou/MyRepository/org/apache/commons/commons-exec/1.3/commons-exec-1.3.jar:/Users/helishou/MyRepository/commons-codec/commons-codec/1.10/commons-codec-1.10.jar:/Users/helishou/MyRepository/commons-logging/commons-logging/1.2/commons-logging-1.2.jar:/Users/helishou/MyRepository/com/google/guava/guava/25.0-jre/guava-25.0-jre.jar:/Users/helishou/MyRepository/com/google/code/findbugs/jsr305/1.3.9/jsr305-1.3.9.jar:/Users/helishou/MyRepository/org/checkerframework/checker-compat-qual/2.0.0/checker-compat-qual-2.0.0.jar:/Users/helishou/MyRepository/com/google/errorprone/error_prone_annotations/2.1.3/error_prone_annotations-2.1.3.jar:/Users/helishou/MyRepository/com/google/j2objc/j2objc-annotations/1.1/j2objc-annotations-1.1.jar:/Users/helishou/MyRepository/org/codehaus/mojo/animal-sniffer-annotations/1.14/animal-sniffer-annotations-1.14.jar:/Users/helishou/MyRepository/org/apache/httpcomponents/httpclient/4.5.5/httpclient-4.5.5.jar:/Users/helishou/MyRepository/org/apache/httpcomponents/httpcore/4.4.9/httpcore-4.4.9.jar:/Users/helishou/MyRepository/com/squareup/okhttp3/okhttp/3.10.0/okhttp-3.10.0.jar:/Users/helishou/MyRepository/com/squareup/okio/okio/1.14.1/okio-1.14.1.jar:/Users/helishou/MyRepository/org/seleniumhq/selenium/selenium-chrome-driver/3.14.0/selenium-chrome-driver-3.14.0.jar:"/>
    <property name="java.vm.vendor" value="Oracle Corporation"/>
    <property name="sun.arch.data.model" value="64"/>
    <property name="java.vendor.url" value="http://java.oracle.com/"/>
    <property name="user.timezone" value=""/>
    <property name="java.vm.specification.version" value="1.8"/>
    <property name="os.name" value="Mac OS X"/>
    <property name="user.country" value="CN"/>
    <property name="sun.java.launcher" value="SUN_STANDARD"/>
    <property name="sun.boot.library.path" value="/Library/Java/JavaVirtualMachines/jdk1.8.0_181.jdk/Contents/Home/jre/lib"/>
    <property name="sun.java.command" value="/Users/helishou/springWorkStation/junit5-demo/target/surefire/surefirebooter8127243637059183923.jar /Users/helishou/springWorkStation/junit5-demo/target/surefire 2020-11-16T21-57-28_137-jvmRun1 surefire8170757260059117018tmp surefire_03419919889369804972tmp"/>
    <property name="http.nonProxyHosts" value="local|*.local|169.254/16|*.169.254/16"/>
    <property name="test" value="BrowserTest"/>
    <property name="surefire.test.class.path" value="/Users/helishou/springWorkStation/junit5-demo/target/test-classes:/Users/helishou/springWorkStation/junit5-demo/target/classes:/Users/helishou/MyRepository/org/junit/jupiter/junit-jupiter-engine/5.5.2/junit-jupiter-engine-5.5.2.jar:/Users/helishou/MyRepository/org/apiguardian/apiguardian-api/1.1.0/apiguardian-api-1.1.0.jar:/Users/helishou/MyRepository/org/junit/platform/junit-platform-engine/1.5.2/junit-platform-engine-1.5.2.jar:/Users/helishou/MyRepository/org/junit/platform/junit-platform-runner/1.5.2/junit-platform-runner-1.5.2.jar:/Users/helishou/MyRepository/junit/junit/4.12/junit-4.12.jar:/Users/helishou/MyRepository/org/hamcrest/hamcrest-core/1.3/hamcrest-core-1.3.jar:/Users/helishou/MyRepository/org/junit/platform/junit-platform-suite-api/1.5.2/junit-platform-suite-api-1.5.2.jar:/Users/helishou/MyRepository/org/junit/platform/junit-platform-launcher/1.5.2/junit-platform-launcher-1.5.2.jar:/Users/helishou/MyRepository/org/junit/jupiter/junit-jupiter-params/5.5.2/junit-jupiter-params-5.5.2.jar:/Users/helishou/MyRepository/org/junit/jupiter/junit-jupiter-api/5.5.2/junit-jupiter-api-5.5.2.jar:/Users/helishou/MyRepository/org/opentest4j/opentest4j/1.2.0/opentest4j-1.2.0.jar:/Users/helishou/MyRepository/org/junit/platform/junit-platform-commons/1.5.2/junit-platform-commons-1.5.2.jar:/Users/helishou/MyRepository/org/seleniumhq/selenium/selenium-java/3.14.0/selenium-java-3.14.0.jar:/Users/helishou/MyRepository/org/seleniumhq/selenium/selenium-api/3.14.0/selenium-api-3.14.0.jar:/Users/helishou/MyRepository/org/seleniumhq/selenium/selenium-edge-driver/3.14.0/selenium-edge-driver-3.14.0.jar:/Users/helishou/MyRepository/org/seleniumhq/selenium/selenium-firefox-driver/3.14.0/selenium-firefox-driver-3.14.0.jar:/Users/helishou/MyRepository/org/seleniumhq/selenium/selenium-ie-driver/3.14.0/selenium-ie-driver-3.14.0.jar:/Users/helishou/MyRepository/org/seleniumhq/selenium/selenium-opera-driver/3.14.0/selenium-opera-driver-3.14.0.jar:/Users/helishou/MyRepository/org/seleniumhq/selenium/selenium-remote-driver/3.14.0/selenium-remote-driver-3.14.0.jar:/Users/helishou/MyRepository/org/seleniumhq/selenium/selenium-safari-driver/3.14.0/selenium-safari-driver-3.14.0.jar:/Users/helishou/MyRepository/org/seleniumhq/selenium/selenium-support/3.14.0/selenium-support-3.14.0.jar:/Users/helishou/MyRepository/net/bytebuddy/byte-buddy/1.8.15/byte-buddy-1.8.15.jar:/Users/helishou/MyRepository/org/apache/commons/commons-exec/1.3/commons-exec-1.3.jar:/Users/helishou/MyRepository/commons-codec/commons-codec/1.10/commons-codec-1.10.jar:/Users/helishou/MyRepository/commons-logging/commons-logging/1.2/commons-logging-1.2.jar:/Users/helishou/MyRepository/com/google/guava/guava/25.0-jre/guava-25.0-jre.jar:/Users/helishou/MyRepository/com/google/code/findbugs/jsr305/1.3.9/jsr305-1.3.9.jar:/Users/helishou/MyRepository/org/checkerframework/checker-compat-qual/2.0.0/checker-compat-qual-2.0.0.jar:/Users/helishou/MyRepository/com/google/errorprone/error_prone_annotations/2.1.3/error_prone_annotations-2.1.3.jar:/Users/helishou/MyRepository/com/google/j2objc/j2objc-annotations/1.1/j2objc-annotations-1.1.jar:/Users/helishou/MyRepository/org/codehaus/mojo/animal-sniffer-annotations/1.14/animal-sniffer-annotations-1.14.jar:/Users/helishou/MyRepository/org/apache/httpcomponents/httpclient/4.5.5/httpclient-4.5.5.jar:/Users/helishou/MyRepository/org/apache/httpcomponents/httpcore/4.4.9/httpcore-4.4.9.jar:/Users/helishou/MyRepository/com/squareup/okhttp3/okhttp/3.10.0/okhttp-3.10.0.jar:/Users/helishou/MyRepository/com/squareup/okio/okio/1.14.1/okio-1.14.1.jar:/Users/helishou/MyRepository/org/seleniumhq/selenium/selenium-chrome-driver/3.14.0/selenium-chrome-driver-3.14.0.jar:"/>
    <property name="sun.cpu.endian" value="little"/>
    <property name="user.home" value="/Users/helishou"/>
    <property name="user.language" value="zh"/>
    <property name="java.specification.vendor" value="Oracle Corporation"/>
    <property name="java.home" value="/Library/Java/JavaVirtualMachines/jdk1.8.0_181.jdk/Contents/Home/jre"/>
    <property name="basedir" value="/Users/helishou/springWorkStation/junit5-demo"/>
    <property name="file.separator" value="/"/>
    <property name="line.separator" value="&#10;"/>
    <property name="java.vm.specification.vendor" value="Oracle Corporation"/>
    <property name="java.specification.name" value="Java Platform API Specification"/>
    <property name="java.awt.graphicsenv" value="sun.awt.CGraphicsEnvironment"/>
    <property name="surefire.real.class.path" value="/Users/helishou/springWorkStation/junit5-demo/target/surefire/surefirebooter8127243637059183923.jar"/>
    <property name="sun.boot.class.path" value="/Library/Java/JavaVirtualMachines/jdk1.8.0_181.jdk/Contents/Home/jre/lib/resources.jar:/Library/Java/JavaVirtualMachines/jdk1.8.0_181.jdk/Contents/Home/jre/lib/rt.jar:/Library/Java/JavaVirtualMachines/jdk1.8.0_181.jdk/Contents/Home/jre/lib/sunrsasign.jar:/Library/Java/JavaVirtualMachines/jdk1.8.0_181.jdk/Contents/Home/jre/lib/jsse.jar:/Library/Java/JavaVirtualMachines/jdk1.8.0_181.jdk/Contents/Home/jre/lib/jce.jar:/Library/Java/JavaVirtualMachines/jdk1.8.0_181.jdk/Contents/Home/jre/lib/charsets.jar:/Library/Java/JavaVirtualMachines/jdk1.8.0_181.jdk/Contents/Home/jre/lib/jfr.jar:/Library/Java/JavaVirtualMachines/jdk1.8.0_181.jdk/Contents/Home/jre/classes"/>
    <property name="sun.management.compiler" value="HotSpot 64-Bit Tiered Compilers"/>
    <property name="ftp.nonProxyHosts" value="local|*.local|169.254/16|*.169.254/16"/>
    <property name="java.runtime.version" value="1.8.0_181-b13"/>
    <property name="user.name" value="helishou"/>
    <property name="path.separator" value=":"/>
    <property name="os.version" value="10.14.5"/>
    <property name="java.endorsed.dirs" value="/Library/Java/JavaVirtualMachines/jdk1.8.0_181.jdk/Contents/Home/jre/lib/endorsed"/>
    <property name="java.runtime.name" value="Java(TM) SE Runtime Environment"/>
    <property name="file.encoding" value="UTF-8"/>
    <property name="java.vm.name" value="Java HotSpot(TM) 64-Bit Server VM"/>
    <property name="localRepository" value="/Users/helishou/MyRepository"/>
    <property name="java.vendor.url.bug" value="http://bugreport.sun.com/bugreport/"/>
    <property name="java.io.tmpdir" value="/var/folders/_w/1_5wdgfx04g9ky9cphy19nxh0000gn/T/"/>
    <property name="java.version" value="1.8.0_181"/>
    <property name="user.dir" value="/Users/helishou/springWorkStation/junit5-demo"/>
    <property name="os.arch" value="x86_64"/>
    <property name="java.vm.specification.name" value="Java Virtual Machine Specification"/>
    <property name="java.awt.printerjob" value="sun.lwawt.macosx.CPrinterJob"/>
    <property name="sun.os.patch.level" value="unknown"/>
    <property name="java.library.path" value="/Users/helishou/Library/Java/Extensions:/Library/Java/Extensions:/Network/Library/Java/Extensions:/System/Library/Java/Extensions:/usr/lib/java:."/>
    <property name="java.vm.info" value="mixed mode"/>
    <property name="java.vendor" value="Oracle Corporation"/>
    <property name="java.vm.version" value="25.181-b13"/>
    <property name="java.ext.dirs" value="/Users/helishou/Library/Java/Extensions:/Library/Java/JavaVirtualMachines/jdk1.8.0_181.jdk/Contents/Home/jre/lib/ext:/Library/Java/Extensions:/Network/Library/Java/Extensions:/System/Library/Java/Extensions:/usr/lib/java"/>
    <property name="sun.io.unicode.encoding" value="UnicodeBig"/>
    <property name="java.class.version" value="52.0"/>
    <property name="socksNonProxyHosts" value="local|*.local|169.254/16|*.169.254/16"/>
  </properties>
  <testcase name="testlogin" classname="com.my.frametest.BrowserTest" time="4.7"/>
</testsuite>